
*** Running vivado
    with args -log ms_game.vds -m64 -product Vivado -mode batch -messageDb vivado.pb -notrace -source ms_game.tcl



****** Vivado v2024.1.1 (64-bit)
  **** SW Build 5094488 on Fri Jun 14 08:59:21 MDT 2024
  **** IP Build 5091682 on Fri Jun 14 16:55:04 MDT 2024
  **** SharedData Build 5094118 on Fri Jun 14 01:09:43 MDT 2024
  **** Start of session at: Sat Nov 23 16:37:51 2024
    ** Copyright 1986-2022 Xilinx, Inc. All Rights Reserved.
    ** Copyright 2022-2024 Advanced Micro Devices, Inc. All Rights Reserved.

source ms_game.tcl -notrace
create_project: Time (s): cpu = 00:00:05 ; elapsed = 00:00:12 . Memory (MB): peak = 524.066 ; gain = 235.406
Command: synth_design -top ms_game -part xc7a35tcpg236-1
Starting synth_design
Attempting to get a license for feature 'Synthesis' and/or device 'xc7a35t'
INFO: [Common 17-349] Got license for feature 'Synthesis' and/or device 'xc7a35t'
INFO: [Synth 8-7079] Multithreading enabled for synth_design using a maximum of 2 processes.
INFO: [Synth 8-7078] Launching helper process for spawning children vivado processes
INFO: [Synth 8-7075] Helper process launched with PID 16940
---------------------------------------------------------------------------------
Starting Synthesize : Time (s): cpu = 00:00:03 ; elapsed = 00:00:07 . Memory (MB): peak = 981.051 ; gain = 448.285
---------------------------------------------------------------------------------
INFO: [Synth 8-638] synthesizing module 'ms_game' [C:/Users/rgarc/OneDrive/Desktop/FPGA/projects/minesweeper/ms_game.vhd:16]
INFO: [Synth 8-3491] module 'rng' declared at 'C:/Users/rgarc/OneDrive/Desktop/FPGA/projects/minesweeper/rng.vhd:5' bound to instance 'ms_rng' of component 'rng' [C:/Users/rgarc/OneDrive/Desktop/FPGA/projects/minesweeper/ms_game.vhd:36]
INFO: [Synth 8-638] synthesizing module 'rng' [C:/Users/rgarc/OneDrive/Desktop/FPGA/projects/minesweeper/rng.vhd:14]
WARNING: [Synth 8-614] signal 'reset_i' is read in the process but is not in the sensitivity list [C:/Users/rgarc/OneDrive/Desktop/FPGA/projects/minesweeper/rng.vhd:17]
WARNING: [Synth 8-614] signal 'seed_i' is read in the process but is not in the sensitivity list [C:/Users/rgarc/OneDrive/Desktop/FPGA/projects/minesweeper/rng.vhd:17]
INFO: [Synth 8-256] done synthesizing module 'rng' (0#1) [C:/Users/rgarc/OneDrive/Desktop/FPGA/projects/minesweeper/rng.vhd:14]
INFO: [Synth 8-256] done synthesizing module 'ms_game' (0#1) [C:/Users/rgarc/OneDrive/Desktop/FPGA/projects/minesweeper/ms_game.vhd:16]
WARNING: [Synth 8-6014] Unused sequential element mine_map_reg was removed.  [C:/Users/rgarc/OneDrive/Desktop/FPGA/projects/minesweeper/ms_game.vhd:67]
WARNING: [Synth 8-6014] Unused sequential element ms_init_reg was removed.  [C:/Users/rgarc/OneDrive/Desktop/FPGA/projects/minesweeper/ms_game.vhd:61]
WARNING: [Synth 8-6014] Unused sequential element number_map_reg was removed. 
WARNING: [Synth 8-3848] Net win in module/entity ms_game does not have driver. [C:/Users/rgarc/OneDrive/Desktop/FPGA/projects/minesweeper/ms_game.vhd:12]
WARNING: [Synth 8-7129] Port win[1] in module ms_game is either unconnected or has no load
WARNING: [Synth 8-7129] Port win[0] in module ms_game is either unconnected or has no load
WARNING: [Synth 8-7129] Port reset in module ms_game is either unconnected or has no load
WARNING: [Synth 8-7129] Port cursor_x[30] in module ms_game is either unconnected or has no load
WARNING: [Synth 8-7129] Port cursor_x[29] in module ms_game is either unconnected or has no load
WARNING: [Synth 8-7129] Port cursor_x[28] in module ms_game is either unconnected or has no load
WARNING: [Synth 8-7129] Port cursor_x[27] in module ms_game is either unconnected or has no load
WARNING: [Synth 8-7129] Port cursor_x[26] in module ms_game is either unconnected or has no load
WARNING: [Synth 8-7129] Port cursor_x[25] in module ms_game is either unconnected or has no load
WARNING: [Synth 8-7129] Port cursor_x[24] in module ms_game is either unconnected or has no load
WARNING: [Synth 8-7129] Port cursor_x[23] in module ms_game is either unconnected or has no load
WARNING: [Synth 8-7129] Port cursor_x[22] in module ms_game is either unconnected or has no load
WARNING: [Synth 8-7129] Port cursor_x[21] in module ms_game is either unconnected or has no load
WARNING: [Synth 8-7129] Port cursor_x[20] in module ms_game is either unconnected or has no load
WARNING: [Synth 8-7129] Port cursor_x[19] in module ms_game is either unconnected or has no load
WARNING: [Synth 8-7129] Port cursor_x[18] in module ms_game is either unconnected or has no load
WARNING: [Synth 8-7129] Port cursor_x[17] in module ms_game is either unconnected or has no load
WARNING: [Synth 8-7129] Port cursor_x[16] in module ms_game is either unconnected or has no load
WARNING: [Synth 8-7129] Port cursor_x[15] in module ms_game is either unconnected or has no load
WARNING: [Synth 8-7129] Port cursor_x[14] in module ms_game is either unconnected or has no load
WARNING: [Synth 8-7129] Port cursor_x[13] in module ms_game is either unconnected or has no load
WARNING: [Synth 8-7129] Port cursor_x[12] in module ms_game is either unconnected or has no load
WARNING: [Synth 8-7129] Port cursor_x[11] in module ms_game is either unconnected or has no load
WARNING: [Synth 8-7129] Port cursor_x[10] in module ms_game is either unconnected or has no load
WARNING: [Synth 8-7129] Port cursor_x[9] in module ms_game is either unconnected or has no load
WARNING: [Synth 8-7129] Port cursor_x[8] in module ms_game is either unconnected or has no load
WARNING: [Synth 8-7129] Port cursor_x[7] in module ms_game is either unconnected or has no load
WARNING: [Synth 8-7129] Port cursor_x[6] in module ms_game is either unconnected or has no load
WARNING: [Synth 8-7129] Port cursor_x[5] in module ms_game is either unconnected or has no load
WARNING: [Synth 8-7129] Port cursor_x[4] in module ms_game is either unconnected or has no load
WARNING: [Synth 8-7129] Port cursor_x[3] in module ms_game is either unconnected or has no load
WARNING: [Synth 8-7129] Port cursor_x[2] in module ms_game is either unconnected or has no load
WARNING: [Synth 8-7129] Port cursor_x[1] in module ms_game is either unconnected or has no load
WARNING: [Synth 8-7129] Port cursor_x[0] in module ms_game is either unconnected or has no load
WARNING: [Synth 8-7129] Port cursor_y[30] in module ms_game is either unconnected or has no load
WARNING: [Synth 8-7129] Port cursor_y[29] in module ms_game is either unconnected or has no load
WARNING: [Synth 8-7129] Port cursor_y[28] in module ms_game is either unconnected or has no load
WARNING: [Synth 8-7129] Port cursor_y[27] in module ms_game is either unconnected or has no load
WARNING: [Synth 8-7129] Port cursor_y[26] in module ms_game is either unconnected or has no load
WARNING: [Synth 8-7129] Port cursor_y[25] in module ms_game is either unconnected or has no load
WARNING: [Synth 8-7129] Port cursor_y[24] in module ms_game is either unconnected or has no load
WARNING: [Synth 8-7129] Port cursor_y[23] in module ms_game is either unconnected or has no load
WARNING: [Synth 8-7129] Port cursor_y[22] in module ms_game is either unconnected or has no load
WARNING: [Synth 8-7129] Port cursor_y[21] in module ms_game is either unconnected or has no load
WARNING: [Synth 8-7129] Port cursor_y[20] in module ms_game is either unconnected or has no load
WARNING: [Synth 8-7129] Port cursor_y[19] in module ms_game is either unconnected or has no load
WARNING: [Synth 8-7129] Port cursor_y[18] in module ms_game is either unconnected or has no load
WARNING: [Synth 8-7129] Port cursor_y[17] in module ms_game is either unconnected or has no load
WARNING: [Synth 8-7129] Port cursor_y[16] in module ms_game is either unconnected or has no load
WARNING: [Synth 8-7129] Port cursor_y[15] in module ms_game is either unconnected or has no load
WARNING: [Synth 8-7129] Port cursor_y[14] in module ms_game is either unconnected or has no load
WARNING: [Synth 8-7129] Port cursor_y[13] in module ms_game is either unconnected or has no load
WARNING: [Synth 8-7129] Port cursor_y[12] in module ms_game is either unconnected or has no load
WARNING: [Synth 8-7129] Port cursor_y[11] in module ms_game is either unconnected or has no load
WARNING: [Synth 8-7129] Port cursor_y[10] in module ms_game is either unconnected or has no load
WARNING: [Synth 8-7129] Port cursor_y[9] in module ms_game is either unconnected or has no load
WARNING: [Synth 8-7129] Port cursor_y[8] in module ms_game is either unconnected or has no load
WARNING: [Synth 8-7129] Port cursor_y[7] in module ms_game is either unconnected or has no load
WARNING: [Synth 8-7129] Port cursor_y[6] in module ms_game is either unconnected or has no load
WARNING: [Synth 8-7129] Port cursor_y[5] in module ms_game is either unconnected or has no load
WARNING: [Synth 8-7129] Port cursor_y[4] in module ms_game is either unconnected or has no load
WARNING: [Synth 8-7129] Port cursor_y[3] in module ms_game is either unconnected or has no load
WARNING: [Synth 8-7129] Port cursor_y[2] in module ms_game is either unconnected or has no load
WARNING: [Synth 8-7129] Port cursor_y[1] in module ms_game is either unconnected or has no load
WARNING: [Synth 8-7129] Port cursor_y[0] in module ms_game is either unconnected or has no load
---------------------------------------------------------------------------------
Finished Synthesize : Time (s): cpu = 00:00:04 ; elapsed = 00:00:09 . Memory (MB): peak = 1090.152 ; gain = 557.387
---------------------------------------------------------------------------------
---------------------------------------------------------------------------------
Finished Constraint Validation : Time (s): cpu = 00:00:05 ; elapsed = 00:00:10 . Memory (MB): peak = 1090.152 ; gain = 557.387
---------------------------------------------------------------------------------
---------------------------------------------------------------------------------
Start Loading Part and Timing Information
---------------------------------------------------------------------------------
Loading part: xc7a35tcpg236-1
INFO: [Device 21-403] Loading part xc7a35tcpg236-1
---------------------------------------------------------------------------------
Finished Loading Part and Timing Information : Time (s): cpu = 00:00:05 ; elapsed = 00:00:10 . Memory (MB): peak = 1090.152 ; gain = 557.387
---------------------------------------------------------------------------------
---------------------------------------------------------------------------------
Finished RTL Optimization Phase 2 : Time (s): cpu = 00:00:05 ; elapsed = 00:00:10 . Memory (MB): peak = 1090.152 ; gain = 557.387
---------------------------------------------------------------------------------
No constraint files found.
---------------------------------------------------------------------------------
Start RTL Component Statistics 
---------------------------------------------------------------------------------
Detailed RTL Component Info : 
+---XORs : 
	   4 Input      1 Bit         XORs := 1     
+---Registers : 
	                8 Bit    Registers := 1     
+---Muxes : 
	   2 Input    8 Bit        Muxes := 2     
---------------------------------------------------------------------------------
Finished RTL Component Statistics 
---------------------------------------------------------------------------------
---------------------------------------------------------------------------------
Start Part Resource Summary
---------------------------------------------------------------------------------
INFO: [Device 21-9227] Part: xc7a35tcpg236-1 does not have CEAM library.
Part Resources:
DSPs: 90 (col length:60)
BRAMs: 100 (col length: RAMB18 60 RAMB36 30)
---------------------------------------------------------------------------------
Finished Part Resource Summary
---------------------------------------------------------------------------------
No constraint files found.
---------------------------------------------------------------------------------
Start Cross Boundary and Area Optimization
---------------------------------------------------------------------------------
WARNING: [Synth 8-7080] Parallel synthesis criteria is not met
WARNING: [Synth 8-3330] design ms_game has an empty top module
WARNING: [Synth 8-7129] Port win[1] in module ms_game is either unconnected or has no load
WARNING: [Synth 8-7129] Port win[0] in module ms_game is either unconnected or has no load
WARNING: [Synth 8-7129] Port clk in module ms_game is either unconnected or has no load
WARNING: [Synth 8-7129] Port reset in module ms_game is either unconnected or has no load
WARNING: [Synth 8-7129] Port cursor_x[30] in module ms_game is either unconnected or has no load
WARNING: [Synth 8-7129] Port cursor_x[29] in module ms_game is either unconnected or has no load
WARNING: [Synth 8-7129] Port cursor_x[28] in module ms_game is either unconnected or has no load
WARNING: [Synth 8-7129] Port cursor_x[27] in module ms_game is either unconnected or has no load
WARNING: [Synth 8-7129] Port cursor_x[26] in module ms_game is either unconnected or has no load
WARNING: [Synth 8-7129] Port cursor_x[25] in module ms_game is either unconnected or has no load
WARNING: [Synth 8-7129] Port cursor_x[24] in module ms_game is either unconnected or has no load
WARNING: [Synth 8-7129] Port cursor_x[23] in module ms_game is either unconnected or has no load
WARNING: [Synth 8-7129] Port cursor_x[22] in module ms_game is either unconnected or has no load
WARNING: [Synth 8-7129] Port cursor_x[21] in module ms_game is either unconnected or has no load
WARNING: [Synth 8-7129] Port cursor_x[20] in module ms_game is either unconnected or has no load
WARNING: [Synth 8-7129] Port cursor_x[19] in module ms_game is either unconnected or has no load
WARNING: [Synth 8-7129] Port cursor_x[18] in module ms_game is either unconnected or has no load
WARNING: [Synth 8-7129] Port cursor_x[17] in module ms_game is either unconnected or has no load
WARNING: [Synth 8-7129] Port cursor_x[16] in module ms_game is either unconnected or has no load
WARNING: [Synth 8-7129] Port cursor_x[15] in module ms_game is either unconnected or has no load
WARNING: [Synth 8-7129] Port cursor_x[14] in module ms_game is either unconnected or has no load
WARNING: [Synth 8-7129] Port cursor_x[13] in module ms_game is either unconnected or has no load
WARNING: [Synth 8-7129] Port cursor_x[12] in module ms_game is either unconnected or has no load
WARNING: [Synth 8-7129] Port cursor_x[11] in module ms_game is either unconnected or has no load
WARNING: [Synth 8-7129] Port cursor_x[10] in module ms_game is either unconnected or has no load
WARNING: [Synth 8-7129] Port cursor_x[9] in module ms_game is either unconnected or has no load
WARNING: [Synth 8-7129] Port cursor_x[8] in module ms_game is either unconnected or has no load
WARNING: [Synth 8-7129] Port cursor_x[7] in module ms_game is either unconnected or has no load
WARNING: [Synth 8-7129] Port cursor_x[6] in module ms_game is either unconnected or has no load
WARNING: [Synth 8-7129] Port cursor_x[5] in module ms_game is either unconnected or has no load
WARNING: [Synth 8-7129] Port cursor_x[4] in module ms_game is either unconnected or has no load
WARNING: [Synth 8-7129] Port cursor_x[3] in module ms_game is either unconnected or has no load
WARNING: [Synth 8-7129] Port cursor_x[2] in module ms_game is either unconnected or has no load
WARNING: [Synth 8-7129] Port cursor_x[1] in module ms_game is either unconnected or has no load
WARNING: [Synth 8-7129] Port cursor_x[0] in module ms_game is either unconnected or has no load
INFO: [Common 17-14] Message 'Synth 8-7129' appears 100 times and further instances of the messages will be disabled. Use the Tcl command set_msg_config to change the current settings.
---------------------------------------------------------------------------------
Finished Cross Boundary and Area Optimization : Time (s): cpu = 00:00:08 ; elapsed = 00:00:18 . Memory (MB): peak = 1278.910 ; gain = 746.145
---------------------------------------------------------------------------------
No constraint files found.
---------------------------------------------------------------------------------
Start Timing Optimization
---------------------------------------------------------------------------------
---------------------------------------------------------------------------------
Finished Timing Optimization : Time (s): cpu = 00:00:08 ; elapsed = 00:00:18 . Memory (MB): peak = 1278.910 ; gain = 746.145
---------------------------------------------------------------------------------
---------------------------------------------------------------------------------
Start Technology Mapping
---------------------------------------------------------------------------------
---------------------------------------------------------------------------------
Finished Technology Mapping : Time (s): cpu = 00:00:08 ; elapsed = 00:00:18 . Memory (MB): peak = 1278.910 ; gain = 746.145
---------------------------------------------------------------------------------
---------------------------------------------------------------------------------
Start IO Insertion
---------------------------------------------------------------------------------
---------------------------------------------------------------------------------
Start Flattening Before IO Insertion
---------------------------------------------------------------------------------
---------------------------------------------------------------------------------
Finished Flattening Before IO Insertion
---------------------------------------------------------------------------------
---------------------------------------------------------------------------------
Start Final Netlist Cleanup
---------------------------------------------------------------------------------
---------------------------------------------------------------------------------
Finished Final Netlist Cleanup
---------------------------------------------------------------------------------
---------------------------------------------------------------------------------
Finished IO Insertion : Time (s): cpu = 00:00:10 ; elapsed = 00:00:24 . Memory (MB): peak = 1278.910 ; gain = 746.145
---------------------------------------------------------------------------------
---------------------------------------------------------------------------------
Start Renaming Generated Instances
---------------------------------------------------------------------------------
---------------------------------------------------------------------------------
Finished Renaming Generated Instances : Time (s): cpu = 00:00:10 ; elapsed = 00:00:24 . Memory (MB): peak = 1278.910 ; gain = 746.145
---------------------------------------------------------------------------------
---------------------------------------------------------------------------------
Start Rebuilding User Hierarchy
---------------------------------------------------------------------------------
---------------------------------------------------------------------------------
Finished Rebuilding User Hierarchy : Time (s): cpu = 00:00:10 ; elapsed = 00:00:24 . Memory (MB): peak = 1278.910 ; gain = 746.145
---------------------------------------------------------------------------------
---------------------------------------------------------------------------------
Start Renaming Generated Ports
---------------------------------------------------------------------------------
---------------------------------------------------------------------------------
Finished Renaming Generated Ports : Time (s): cpu = 00:00:10 ; elapsed = 00:00:24 . Memory (MB): peak = 1278.910 ; gain = 746.145
---------------------------------------------------------------------------------
---------------------------------------------------------------------------------
Start Handling Custom Attributes
---------------------------------------------------------------------------------
---------------------------------------------------------------------------------
Finished Handling Custom Attributes : Time (s): cpu = 00:00:10 ; elapsed = 00:00:24 . Memory (MB): peak = 1278.910 ; gain = 746.145
---------------------------------------------------------------------------------
---------------------------------------------------------------------------------
Start Renaming Generated Nets
---------------------------------------------------------------------------------
---------------------------------------------------------------------------------
Finished Renaming Generated Nets : Time (s): cpu = 00:00:10 ; elapsed = 00:00:24 . Memory (MB): peak = 1278.910 ; gain = 746.145
---------------------------------------------------------------------------------
---------------------------------------------------------------------------------
Start Writing Synthesis Report
---------------------------------------------------------------------------------

Report BlackBoxes: 
+-+--------------+----------+
| |BlackBox name |Instances |
+-+--------------+----------+
+-+--------------+----------+

Report Cell Usage: 
+------+------+------+
|      |Cell  |Count |
+------+------+------+
|1     |OBUFT |     2|
+------+------+------+

Report Instance Areas: 
+------+---------+-------+------+
|      |Instance |Module |Cells |
+------+---------+-------+------+
|1     |top      |       |     2|
+------+---------+-------+------+
---------------------------------------------------------------------------------
Finished Writing Synthesis Report : Time (s): cpu = 00:00:10 ; elapsed = 00:00:24 . Memory (MB): peak = 1278.910 ; gain = 746.145
---------------------------------------------------------------------------------
Synthesis finished with 0 errors, 0 critical warnings and 139 warnings.
Synthesis Optimization Runtime : Time (s): cpu = 00:00:10 ; elapsed = 00:00:24 . Memory (MB): peak = 1278.910 ; gain = 746.145
Synthesis Optimization Complete : Time (s): cpu = 00:00:10 ; elapsed = 00:00:24 . Memory (MB): peak = 1278.910 ; gain = 746.145
INFO: [Project 1-571] Translating synthesized netlist
Netlist sorting complete. Time (s): cpu = 00:00:00 ; elapsed = 00:00:00 . Memory (MB): peak = 1278.910 ; gain = 0.000
INFO: [Project 1-570] Preparing netlist for logic optimization
INFO: [Opt 31-138] Pushed 0 inverter(s) to 0 load pin(s).
Netlist sorting complete. Time (s): cpu = 00:00:00 ; elapsed = 00:00:00.001 . Memory (MB): peak = 1379.488 ; gain = 0.000
INFO: [Project 1-111] Unisim Transformation Summary:
No Unisim elements were transformed.

Synth Design complete | Checksum: f3499106
INFO: [Common 17-83] Releasing license: Synthesis
17 Infos, 108 Warnings, 0 Critical Warnings and 0 Errors encountered.
synth_design completed successfully
synth_design: Time (s): cpu = 00:00:11 ; elapsed = 00:00:36 . Memory (MB): peak = 1379.488 ; gain = 855.422
Write ShapeDB Complete: Time (s): cpu = 00:00:00 ; elapsed = 00:00:00.001 . Memory (MB): peak = 1379.488 ; gain = 0.000
INFO: [Common 17-1381] The checkpoint 'C:/Users/rgarc/OneDrive/Desktop/FPGA/projects/minesweeper/minesweeper.runs/synth_1/ms_game.dcp' has been generated.
INFO: [Vivado 12-24828] Executing command : report_utilization -file ms_game_utilization_synth.rpt -pb ms_game_utilization_synth.pb
INFO: [Common 17-206] Exiting Vivado at Sat Nov 23 16:38:44 2024...
